<?xml version="1.0" encoding="UTF-8"?>
<!-- Generated by org.testng.reporters.JUnitXMLReporter -->
<testsuite ignored="0" hostname="DESKTOP-T2SQGGR" failures="0" tests="5" name="Default test" time="0.251" errors="0" timestamp="12 Oct 2021 15:09:24 GMT">
  <testcase classname="com.alada.login.Level_03_Register_Login_Page_Object_Model" name="@BeforeClass beforeclass" time="0.133">
    <failure type="org.openqa.selenium.WebDriverException" message="Cannot find firefox binary in PATH. Make sure firefox is installed. OS appears to be: WIN10
Build info: version: &amp;apos;3.141.59&amp;apos;, revision: &amp;apos;e82be7d358&amp;apos;, time: &amp;apos;2018-11-14T08:25:53&amp;apos;
System info: host: &amp;apos;DESKTOP-T2SQGGR&amp;apos;, ip: &amp;apos;192.168.0.105&amp;apos;, os.name: &amp;apos;Windows 10&amp;apos;, os.arch: &amp;apos;amd64&amp;apos;, os.version: &amp;apos;10.0&amp;apos;, java.version: &amp;apos;16.0.2&amp;apos;
Driver info: driver.version: FirefoxDriver">
      <![CDATA[org.openqa.selenium.WebDriverException: Cannot find firefox binary in PATH. Make sure firefox is installed. OS appears to be: WIN10
Build info: version: '3.141.59', revision: 'e82be7d358', time: '2018-11-14T08:25:53'
System info: host: 'DESKTOP-T2SQGGR', ip: '192.168.0.105', os.name: 'Windows 10', os.arch: 'amd64', os.version: '10.0', java.version: '16.0.2'
Driver info: driver.version: FirefoxDriver
at org.openqa.selenium.firefox.FirefoxBinary.<init>(FirefoxBinary.java:100)
at java.base/java.util.Optional.orElseGet(Optional.java:364)
at org.openqa.selenium.firefox.FirefoxOptions.getBinary(FirefoxOptions.java:216)
at org.openqa.selenium.firefox.FirefoxDriver.toExecutor(FirefoxDriver.java:187)
at org.openqa.selenium.firefox.FirefoxDriver.<init>(FirefoxDriver.java:147)
at org.openqa.selenium.firefox.FirefoxDriver.<init>(FirefoxDriver.java:125)
at com.alada.login.Level_03_Register_Login_Page_Object_Model.beforeclass(Level_03_Register_Login_Page_Object_Model.java:37)
at java.base/jdk.internal.reflect.NativeMethodAccessorImpl.invoke0(Native Method)
at java.base/jdk.internal.reflect.NativeMethodAccessorImpl.invoke(NativeMethodAccessorImpl.java:78)
at java.base/jdk.internal.reflect.DelegatingMethodAccessorImpl.invoke(DelegatingMethodAccessorImpl.java:43)
at java.base/java.lang.reflect.Method.invoke(Method.java:567)
at org.testng.internal.MethodInvocationHelper.invokeMethod(MethodInvocationHelper.java:124)
at org.testng.internal.MethodInvocationHelper.invokeMethodConsideringTimeout(MethodInvocationHelper.java:59)
at org.testng.internal.Invoker.invokeConfigurationMethod(Invoker.java:458)
at org.testng.internal.Invoker.invokeConfigurations(Invoker.java:222)
at org.testng.internal.Invoker.invokeConfigurations(Invoker.java:142)
at org.testng.internal.TestMethodWorker.invokeBeforeClassMethods(TestMethodWorker.java:168)
at org.testng.internal.TestMethodWorker.run(TestMethodWorker.java:105)
at org.testng.TestRunner.privateRun(TestRunner.java:648)
at org.testng.TestRunner.run(TestRunner.java:505)
at org.testng.SuiteRunner.runTest(SuiteRunner.java:455)
at org.testng.SuiteRunner.runSequentially(SuiteRunner.java:450)
at org.testng.SuiteRunner.privateRun(SuiteRunner.java:415)
at org.testng.SuiteRunner.run(SuiteRunner.java:364)
at org.testng.SuiteRunnerWorker.runSuite(SuiteRunnerWorker.java:52)
at org.testng.SuiteRunnerWorker.run(SuiteRunnerWorker.java:84)
at org.testng.TestNG.runSuitesSequentially(TestNG.java:1208)
at org.testng.TestNG.runSuitesLocally(TestNG.java:1137)
at org.testng.TestNG.runSuites(TestNG.java:1049)
at org.testng.TestNG.run(TestNG.java:1017)
at org.testng.remote.AbstractRemoteTestNG.run(AbstractRemoteTestNG.java:115)
at org.testng.remote.RemoteTestNG.initAndRun(RemoteTestNG.java:251)
at org.testng.remote.RemoteTestNG.main(RemoteTestNG.java:77)
]]>
    </failure>
  </testcase> <!-- @BeforeClass beforeclass -->
  <testcase classname="com.alada.login.Level_03_Register_Login_Page_Object_Model" name="@AfterClass affterClass" time="0.0">
    <skipped/>
  </testcase> <!-- @AfterClass affterClass -->
  <testcase classname="com.alada.login.Level_03_Register_Login_Page_Object_Model" name="Tc_01_Login_With_Empty_Email_Password" time="0.0">
    <skipped/>
  </testcase> <!-- Tc_01_Login_With_Empty_Email_Password -->
  <testcase classname="com.alada.login.Level_03_Register_Login_Page_Object_Model" name="Tc_02_Login_With_Invalid_Email" time="0.0">
    <skipped/>
  </testcase> <!-- Tc_02_Login_With_Invalid_Email -->
  <testcase classname="com.alada.login.Level_03_Register_Login_Page_Object_Model" name="Tc_03_Login_With_Email_Not_Registered" time="0.0">
    <skipped/>
  </testcase> <!-- Tc_03_Login_With_Email_Not_Registered -->
  <testcase classname="com.alada.login.Level_03_Register_Login_Page_Object_Model" name="Tc_04_Login_With_Invalid_Password" time="0.0">
    <skipped/>
  </testcase> <!-- Tc_04_Login_With_Invalid_Password -->
  <testcase classname="com.alada.login.Level_03_Register_Login_Page_Object_Model" name="Tc_05_Login_With_Valid_Email_Password" time="0.0">
    <skipped/>
  </testcase> <!-- Tc_05_Login_With_Valid_Email_Password -->
</testsuite> <!-- Default test -->
